<?xml version="1.0" encoding="UTF-8"?>
<testsuite xmlns:xsi="http://www.w3.org/2001/XMLSchema-instance" xsi:noNamespaceSchemaLocation="https://maven.apache.org/surefire/maven-surefire-plugin/xsd/surefire-test-report-3.0.xsd" version="3.0" name="testRunner.TestRun" time="28.141" tests="1" errors="1" skipped="0" failures="0">
  <properties>
[...]
</properties>
  <testcase name="Add new Customer" classname="Customers" time="27.391">
    <error message="Unable to locate element: //a[@class=&apos;btn bg-blue&apos;]&#10;For documentation on this error, please visit: https://www.seleniumhq.org/exceptions/no_such_element.html&#10;Build info: version: &apos;3.141.59&apos;, revision: &apos;e82be7d358&apos;, time: &apos;2018-11-14T08:17:03&apos;&#10;System info: host: &apos;DESKTOP-PLR22MC&apos;, ip: &apos;192.168.0.100&apos;, os.name: &apos;Windows 10&apos;, os.arch: &apos;amd64&apos;, os.version: &apos;10.0&apos;, java.version: &apos;17.0.8.1&apos;&#10;Driver info: org.openqa.selenium.firefox.FirefoxDriver&#10;Capabilities {acceptInsecureCerts: true, browserName: firefox, browserVersion: 62.0, javascriptEnabled: true, moz:accessibilityChecks: false, moz:geckodriverVersion: 0.24.0, moz:headless: false, moz:processID: 12400, moz:profile: C:\Users\SWATHI\AppData\Loc..., moz:useNonSpecCompliantPointerOrigin: false, moz:webdriverClick: true, pageLoadStrategy: normal, platform: XP, platformName: XP, platformVersion: 10.0, rotatable: false, timeouts: {implicit: 0, pageLoad: 300000, script: 30000}}&#10;Session ID: 8f24fc4d-8f0b-4e5f-8d25-b33ea4a04e6d&#10;*** Element info: {Using=xpath, value=//a[@class=&apos;btn bg-blue&apos;]}" type="org.openqa.selenium.NoSuchElementException"><![CDATA[org.openqa.selenium.NoSuchElementException: 
Unable to locate element: //a[@class='btn bg-blue']
For documentation on this error, please visit: https://www.seleniumhq.org/exceptions/no_such_element.html
Build info: version: '3.141.59', revision: 'e82be7d358', time: '2018-11-14T08:17:03'
System info: host: 'DESKTOP-PLR22MC', ip: '192.168.0.100', os.name: 'Windows 10', os.arch: 'amd64', os.version: '10.0', java.version: '17.0.8.1'
Driver info: org.openqa.selenium.firefox.FirefoxDriver
Capabilities {acceptInsecureCerts: true, browserName: firefox, browserVersion: 62.0, javascriptEnabled: true, moz:accessibilityChecks: false, moz:geckodriverVersion: 0.24.0, moz:headless: false, moz:processID: 12400, moz:profile: C:\Users\SWATHI\AppData\Loc..., moz:useNonSpecCompliantPointerOrigin: false, moz:webdriverClick: true, pageLoadStrategy: normal, platform: XP, platformName: XP, platformVersion: 10.0, rotatable: false, timeouts: {implicit: 0, pageLoad: 300000, script: 30000}}
Session ID: 8f24fc4d-8f0b-4e5f-8d25-b33ea4a04e6d
*** Element info: {Using=xpath, value=//a[@class='btn bg-blue']}
	at java.base/jdk.internal.reflect.NativeConstructorAccessorImpl.newInstance0(Native Method)
	at java.base/jdk.internal.reflect.NativeConstructorAccessorImpl.newInstance(NativeConstructorAccessorImpl.java:77)
	at java.base/jdk.internal.reflect.DelegatingConstructorAccessorImpl.newInstance(DelegatingConstructorAccessorImpl.java:45)
	at java.base/java.lang.reflect.Constructor.newInstanceWithCaller(Constructor.java:499)
	at java.base/java.lang.reflect.Constructor.newInstance(Constructor.java:480)
	at org.openqa.selenium.remote.http.W3CHttpResponseCodec.createException(W3CHttpResponseCodec.java:187)
	at org.openqa.selenium.remote.http.W3CHttpResponseCodec.decode(W3CHttpResponseCodec.java:122)
	at org.openqa.selenium.remote.http.W3CHttpResponseCodec.decode(W3CHttpResponseCodec.java:49)
	at org.openqa.selenium.remote.HttpCommandExecutor.execute(HttpCommandExecutor.java:158)
	at org.openqa.selenium.remote.service.DriverCommandExecutor.execute(DriverCommandExecutor.java:83)
	at org.openqa.selenium.remote.RemoteWebDriver.execute(RemoteWebDriver.java:552)
	at org.openqa.selenium.remote.RemoteWebDriver.findElement(RemoteWebDriver.java:323)
	at org.openqa.selenium.remote.RemoteWebDriver.findElementByXPath(RemoteWebDriver.java:428)
	at org.openqa.selenium.By$ByXPath.findElement(By.java:353)
	at org.openqa.selenium.remote.RemoteWebDriver.findElement(RemoteWebDriver.java:315)
	at pageObjects.AddcustomerPage.clickOnAddnew(AddcustomerPage.java:67)
	at stepDefinitions.Steps.click_on_Add_new_button(Steps.java:149)
	at ✽.click on Add new button(file:Features/Customers.feature:15)
]]></error>
    <system-out><![CDATA[Feature: Customers

  Background: backround steps                                              # Features/Customers.feature:3
09-28-2023 09:00:23 Steps.java INFO  [main] nopcommerce 65 - ********* Launching browser***************
    Given User Launch Chrome browser                                       # Steps.user_Launch_Chrome_browser()
09-28-2023 09:00:23 Steps.java INFO  [main] nopcommerce 71 - ********* Opening URL***************
    When User opens URL "http://admin-demo.nopcommerce.com/login"          # Steps.user_opens_URL(String)
09-28-2023 09:00:25 Steps.java INFO  [main] nopcommerce 79 - ********* Proving user info ***************
    And User enters Email as "admin@yourstore.com" and Password as "admin" # Steps.user_enters_Email_as_and_Password_as(String,String)
    And Click on Login                                                     # Steps.click_on_Login()
09-28-2023 09:00:37 Steps.java INFO  [main] nopcommerce 126 - ********* Adding Customer Scenario started  ***************
09-28-2023 09:00:37 Steps.java INFO  [main] nopcommerce 128 - ********* Dashboard Display validation ***************
    Then User can view Dashboad                                            # Steps.user_can_view_Dashboad()

  @sanity
  Scenario: Add new Customer                                                                # Features/Customers.feature:12
    When User click on customers Menu                                                       # Steps.user_click_on_customers_Menu()
    And click on customers Menu Item                                                        # Steps.click_on_customers_Menu_Item()
    And click on Add new button                                                             # Steps.click_on_Add_new_button()
      org.openqa.selenium.NoSuchElementException: Unable to locate element: //a[@class='btn bg-blue']
For documentation on this error, please visit: https://www.seleniumhq.org/exceptions/no_such_element.html
Build info: version: '3.141.59', revision: 'e82be7d358', time: '2018-11-14T08:17:03'
System info: host: 'DESKTOP-PLR22MC', ip: '192.168.0.100', os.name: 'Windows 10', os.arch: 'amd64', os.version: '10.0', java.version: '17.0.8.1'
Driver info: org.openqa.selenium.firefox.FirefoxDriver
Capabilities {acceptInsecureCerts: true, browserName: firefox, browserVersion: 62.0, javascriptEnabled: true, moz:accessibilityChecks: false, moz:geckodriverVersion: 0.24.0, moz:headless: false, moz:processID: 12400, moz:profile: C:\Users\SWATHI\AppData\Loc..., moz:useNonSpecCompliantPointerOrigin: false, moz:webdriverClick: true, pageLoadStrategy: normal, platform: XP, platformName: XP, platformVersion: 10.0, rotatable: false, timeouts: {implicit: 0, pageLoad: 300000, script: 30000}}
Session ID: 8f24fc4d-8f0b-4e5f-8d25-b33ea4a04e6d
*** Element info: {Using=xpath, value=//a[@class='btn bg-blue']}
	at java.base/jdk.internal.reflect.NativeConstructorAccessorImpl.newInstance0(Native Method)
	at java.base/jdk.internal.reflect.NativeConstructorAccessorImpl.newInstance(NativeConstructorAccessorImpl.java:77)
	at java.base/jdk.internal.reflect.DelegatingConstructorAccessorImpl.newInstance(DelegatingConstructorAccessorImpl.java:45)
	at java.base/java.lang.reflect.Constructor.newInstanceWithCaller(Constructor.java:499)
	at java.base/java.lang.reflect.Constructor.newInstance(Constructor.java:480)
	at org.openqa.selenium.remote.http.W3CHttpResponseCodec.createException(W3CHttpResponseCodec.java:187)
	at org.openqa.selenium.remote.http.W3CHttpResponseCodec.decode(W3CHttpResponseCodec.java:122)
	at org.openqa.selenium.remote.http.W3CHttpResponseCodec.decode(W3CHttpResponseCodec.java:49)
	at org.openqa.selenium.remote.HttpCommandExecutor.execute(HttpCommandExecutor.java:158)
	at org.openqa.selenium.remote.service.DriverCommandExecutor.execute(DriverCommandExecutor.java:83)
	at org.openqa.selenium.remote.RemoteWebDriver.execute(RemoteWebDriver.java:552)
	at org.openqa.selenium.remote.RemoteWebDriver.findElement(RemoteWebDriver.java:323)
	at org.openqa.selenium.remote.RemoteWebDriver.findElementByXPath(RemoteWebDriver.java:428)
	at org.openqa.selenium.By$ByXPath.findElement(By.java:353)
	at org.openqa.selenium.remote.RemoteWebDriver.findElement(RemoteWebDriver.java:315)
	at pageObjects.AddcustomerPage.clickOnAddnew(AddcustomerPage.java:67)
	at stepDefinitions.Steps.click_on_Add_new_button(Steps.java:149)
	at ?.click on Add new button(file:Features/Customers.feature:15)

    Then User can view Add new customer page                                                # Steps.user_can_view_Add_new_customer_page()
    When User enter customer info                                                           # Steps.user_enter_customer_info()
    And click on Save button                                                                # Steps.click_on_Save_button()
    Then User can view confirmation message "The new customer has been added successfully." # Steps.user_can_view_confirmation_message(String)
    And close browser                                                                       # Steps.close_browser()
]]></system-out>
    <system-err><![CDATA[1695871818907	mozrunner::runner	INFO	Running command: "C:\\Program Files (x86)\\Mozilla Firefox\\firefox.exe" "-marionette" "-foreground" "-no-remote" "-profile" "C:\\Users\\SWATHI\\AppData\\Local\\Temp\\rust_mozprofile.lNEM8n4uDAKX"
1695871822445	Marionette	INFO	Listening on port 57154
1695871822641	Marionette	WARN	TLS certificate errors will be ignored for this session
1695871822713	Marionette	DEBUG	[6442450945] Frame script loaded
1695871822792	Marionette	DEBUG	[6442450945] Frame script registered
Sep 28, 2023 9:00:22 AM org.openqa.selenium.remote.ProtocolHandshake createSession
INFO: Detected dialect: W3C
1695871823129	Marionette	DEBUG	[6442450945] Received DOM event beforeunload for about:blank
1695871824933	Marionette	DEBUG	[6442450945] Received DOM event pagehide for about:blank
1695871825266	Marionette	DEBUG	[6442450945] Received DOM event DOMContentLoaded for https://admin-demo.nopcommerce.com/login
1695871825602	Marionette	DEBUG	[6442450945] Received DOM event pageshow for https://admin-demo.nopcommerce.com/login
1695871826050	Marionette	DEBUG	[6442450945] Received DOM event beforeunload for https://admin-demo.nopcommerce.com/login
1695871827053	Marionette	DEBUG	[6442450945] Received DOM event pagehide for https://admin-demo.nopcommerce.com/login
1695871827067	Marionette	DEBUG	[6442450945] Received DOM event unload for https://admin-demo.nopcommerce.com/login
1695871831318	Marionette	DEBUG	[6442450945] Received DOM event DOMContentLoaded for https://admin-demo.nopcommerce.com/admin/
1695871832381	Marionette	DEBUG	[6442450945] Received DOM event pageshow for https://admin-demo.nopcommerce.com/admin/
1695871840820	Marionette	DEBUG	[6442450945] Canceled page load listener because no navigation has been detected
1695871842954	Marionette	DEBUG	[6442450945] Received DOM event beforeunload for https://admin-demo.nopcommerce.com/admin/
1695871843318	Marionette	DEBUG	[6442450945] Received DOM event pagehide for https://admin-demo.nopcommerce.com/admin/
1695871843349	Marionette	DEBUG	[6442450945] Received DOM event unload for https://admin-demo.nopcommerce.com/admin/
1695871844624	Marionette	DEBUG	[6442450945] Received DOM event DOMContentLoaded for https://admin-demo.nopcommerce.com/Admin/Customer/List
1695871844863	Marionette	DEBUG	[6442450945] Received DOM event pageshow for https://admin-demo.nopcommerce.com/Admin/Customer/List
]]></system-err>
  </testcase>
</testsuite>